<?xml version="1.0" encoding="UTF-8" ?>
<testsuite tests="42" failures="0" name="kata.tennis.tests.unit.TennisGameTest" time="0" errors="0" skipped="0">
  <properties>
    <property name="java.runtime.name" value="Java(TM) SE Runtime Environment"/>
    <property name="sun.boot.library.path" value="C:\Program Files\Java\jdk1.8.0_172\jre\bin"/>
    <property name="java.vm.version" value="25.172-b11"/>
    <property name="java.vm.vendor" value="Oracle Corporation"/>
    <property name="maven.multiModuleProjectDirectory" value="C:\Users\Finaxys\Desktop\kataTennis"/>
    <property name="java.vendor.url" value="http://java.oracle.com/"/>
    <property name="path.separator" value=";"/>
    <property name="guice.disable.misplaced.annotation.check" value="true"/>
    <property name="java.vm.name" value="Java HotSpot(TM) 64-Bit Server VM"/>
    <property name="file.encoding.pkg" value="sun.io"/>
    <property name="user.script" value=""/>
    <property name="user.country" value="FR"/>
    <property name="sun.java.launcher" value="SUN_STANDARD"/>
    <property name="sun.os.patch.level" value=""/>
    <property name="java.vm.specification.name" value="Java Virtual Machine Specification"/>
    <property name="user.dir" value="C:\Users\Finaxys\Desktop\kataTennis"/>
    <property name="java.runtime.version" value="1.8.0_172-b11"/>
    <property name="java.awt.graphicsenv" value="sun.awt.Win32GraphicsEnvironment"/>
    <property name="java.endorsed.dirs" value="C:\Program Files\Java\jdk1.8.0_172\jre\lib\endorsed"/>
    <property name="os.arch" value="amd64"/>
    <property name="java.io.tmpdir" value="C:\Users\Finaxys\AppData\Local\Temp\"/>
    <property name="line.separator" value="
"/>
    <property name="java.vm.specification.vendor" value="Oracle Corporation"/>
    <property name="user.variant" value=""/>
    <property name="os.name" value="Windows 10"/>
    <property name="classworlds.conf" value="C:\aei-training\terrenceTennis-workspace\.metadata\.plugins\org.eclipse.m2e.launching\launches\m2conf3936690390997294145.tmp"/>
    <property name="sun.jnu.encoding" value="Cp1252"/>
    <property name="java.library.path" value="C:\Program Files\Java\jdk1.8.0_172\bin;C:\WINDOWS\Sun\Java\bin;C:\WINDOWS\system32;C:\WINDOWS;C:/Program Files/Java/jre1.8.0_172/bin/server;C:/Program Files/Java/jre1.8.0_172/bin;C:/Program Files/Java/jre1.8.0_172/lib/amd64;C:\Program Files (x86)\Common Files\Oracle\Java\javapath;C:\WINDOWS\system32;C:\WINDOWS;C:\WINDOWS\System32\Wbem;C:\WINDOWS\System32\WindowsPowerShell\v1.0\;C:\WINDOWS\System32\OpenSSH\;C:\Program Files (x86)\scala\bin;C:\Program Files (x86)\scala\bin;C:\Program Files\TortoiseGit\bin;C:\Program Files\Git\cmd;C:\Users\Finaxys\AppData\Local\Microsoft\WindowsApps;C:\Program Files (x86)\scala\bin;;C:\Users\Finaxys\Desktop;;."/>
    <property name="java.specification.name" value="Java Platform API Specification"/>
    <property name="java.class.version" value="52.0"/>
    <property name="sun.management.compiler" value="HotSpot 64-Bit Tiered Compilers"/>
    <property name="os.version" value="10.0"/>
    <property name="user.home" value="C:\Users\Finaxys"/>
    <property name="user.timezone" value="Europe/Paris"/>
    <property name="java.awt.printerjob" value="sun.awt.windows.WPrinterJob"/>
    <property name="java.specification.version" value="1.8"/>
    <property name="file.encoding" value="Cp1252"/>
    <property name="user.name" value="Finaxys"/>
    <property name="java.class.path" value="C:\Users\Finaxys\.p2\pool\plugins\org.eclipse.m2e.maven.runtime_1.8.3.20180227-2135\jars\plexus-classworlds-2.5.2.jar"/>
    <property name="java.vm.specification.version" value="1.8"/>
    <property name="sun.arch.data.model" value="64"/>
    <property name="java.home" value="C:\Program Files\Java\jdk1.8.0_172\jre"/>
    <property name="sun.java.command" value="org.codehaus.plexus.classworlds.launcher.Launcher -B install"/>
    <property name="java.specification.vendor" value="Oracle Corporation"/>
    <property name="user.language" value="fr"/>
    <property name="awt.toolkit" value="sun.awt.windows.WToolkit"/>
    <property name="java.vm.info" value="mixed mode"/>
    <property name="java.version" value="1.8.0_172"/>
    <property name="java.ext.dirs" value="C:\Program Files\Java\jdk1.8.0_172\jre\lib\ext;C:\WINDOWS\Sun\Java\lib\ext"/>
    <property name="sun.boot.class.path" value="C:\Program Files\Java\jdk1.8.0_172\jre\lib\resources.jar;C:\Program Files\Java\jdk1.8.0_172\jre\lib\rt.jar;C:\Program Files\Java\jdk1.8.0_172\jre\lib\sunrsasign.jar;C:\Program Files\Java\jdk1.8.0_172\jre\lib\jsse.jar;C:\Program Files\Java\jdk1.8.0_172\jre\lib\jce.jar;C:\Program Files\Java\jdk1.8.0_172\jre\lib\charsets.jar;C:\Program Files\Java\jdk1.8.0_172\jre\lib\jfr.jar;C:\Program Files\Java\jdk1.8.0_172\jre\classes"/>
    <property name="java.vendor" value="Oracle Corporation"/>
    <property name="maven.home" value="C:\Users\Finaxys\Desktop\kataTennis\EMBEDDED"/>
    <property name="file.separator" value="\"/>
    <property name="java.vendor.url.bug" value="http://bugreport.sun.com/bugreport/"/>
    <property name="sun.cpu.endian" value="little"/>
    <property name="sun.io.unicode.encoding" value="UnicodeLittle"/>
    <property name="sun.desktop" value="windows"/>
    <property name="sun.cpu.isalist" value="amd64"/>
  </properties>
  <testcase classname="kata.tennis.tests.unit.TennisGameTest" name="scoreOfTiebrekWhenPlayerTwoWinsAfterOnePlayerWinTiebrekPoint4TimesAndOttherWinsTiebrekPoint5Times" time="0"/>
  <testcase classname="kata.tennis.tests.unit.TennisGameTest" name="scoreOfTiebrekWhenPlayerTwoWinsTiebrekPointAfterOnePlayerWinTiebrekPoint6TimesAndOttherWinsTiebrekPoint5Times" time="0"/>
  <testcase classname="kata.tennis.tests.unit.TennisGameTest" name="PlayerOneScoresGame4TimesAndOtherPlayerScoresGame2Times" time="0"/>
  <testcase classname="kata.tennis.tests.unit.TennisGameTest" name="scoreOfSetWhenPlayerOneWinsGameAfterBothPlayerWinGame3Times" time="0"/>
  <testcase classname="kata.tennis.tests.unit.TennisGameTest" name="playerOneWinningSetAfterPlayerOneWins5TimeAndPlayerTwo4Times" time="0"/>
  <testcase classname="kata.tennis.tests.unit.TennisGameTest" name="playerTwoWinningSetAfterPlayerOneWins4TimeAndPlayerTwo5Times" time="0"/>
  <testcase classname="kata.tennis.tests.unit.TennisGameTest" name="PlayerOneScoresGame5TimesAndOtherPlayerScoresGame6Times" time="0"/>
  <testcase classname="kata.tennis.tests.unit.TennisGameTest" name="playerOneWinningSetAfterPlayerOneWins6TimeAndPlayerTwo5Times" time="0"/>
  <testcase classname="kata.tennis.tests.unit.TennisGameTest" name="playerTwoWins" time="0"/>
  <testcase classname="kata.tennis.tests.unit.TennisGameTest" name="playerOneWins" time="0"/>
  <testcase classname="kata.tennis.tests.unit.TennisGameTest" name="playerOneScoresTiebrekTwice" time="0"/>
  <testcase classname="kata.tennis.tests.unit.TennisGameTest" name="palyerOneLosesAdvantage" time="0"/>
  <testcase classname="kata.tennis.tests.unit.TennisGameTest" name="bothPlayersScores3Times" time="0"/>
  <testcase classname="kata.tennis.tests.unit.TennisGameTest" name="bothPlayersScoresTiebrek3Times" time="0"/>
  <testcase classname="kata.tennis.tests.unit.TennisGameTest" name="gameBeginsFrom0_0" time="0"/>
  <testcase classname="kata.tennis.tests.unit.TennisGameTest" name="playerOneScoresGameOnce" time="0"/>
  <testcase classname="kata.tennis.tests.unit.TennisGameTest" name="playerTwoWinsAfterAdvantage" time="0"/>
  <testcase classname="kata.tennis.tests.unit.TennisGameTest" name="bothPlayersScoresGame5Times" time="0"/>
  <testcase classname="kata.tennis.tests.unit.TennisGameTest" name="playerTwoScoresTiebrekOnce" time="0"/>
  <testcase classname="kata.tennis.tests.unit.TennisGameTest" name="bothPlayersScoresTiebrek6Times" time="0"/>
  <testcase classname="kata.tennis.tests.unit.TennisGameTest" name="playerOneScoresTwice" time="0"/>
  <testcase classname="kata.tennis.tests.unit.TennisGameTest" name="playerOneScoresOnce" time="0"/>
  <testcase classname="kata.tennis.tests.unit.TennisGameTest" name="playerTwoScoresThrice" time="0"/>
  <testcase classname="kata.tennis.tests.unit.TennisGameTest" name="playerOneGainsAdvantage" time="0"/>
  <testcase classname="kata.tennis.tests.unit.TennisGameTest" name="playerTwoGainsAdvantage" time="0"/>
  <testcase classname="kata.tennis.tests.unit.TennisGameTest" name="palyerTwoLosesAdvantage" time="0"/>
  <testcase classname="kata.tennis.tests.unit.TennisGameTest" name="playerOneScoresGameTwice" time="0"/>
  <testcase classname="kata.tennis.tests.unit.TennisGameTest" name="playerTwoScoresTiebrekThrice" time="0"/>
  <testcase classname="kata.tennis.tests.unit.TennisGameTest" name="bothPlayersScoresGame3Times" time="0"/>
  <testcase classname="kata.tennis.tests.unit.TennisGameTest" name="playerOneScoresTiebrekOnce" time="0"/>
  <testcase classname="kata.tennis.tests.unit.TennisGameTest" name="playerOneWinsAfterAdvantage" time="0"/>
  <testcase classname="kata.tennis.tests.unit.TennisGameTest" name="playerTwoScoresGameThrice" time="0"/>
  <testcase classname="kata.tennis.tests.unit.TennisGameTest" name="playerTwoScoresOnce" time="0"/>
  <testcase classname="kata.tennis.tests.unit.TennisGameTest" name="playerTwoScoresGameOnce" time="0"/>
  <testcase classname="kata.tennis.tests.unit.TennisGameTest" name="playerOneWinsWhenGameHaveNotAdvantage" time="0"/>
  <testcase classname="kata.tennis.tests.unit.TennisGameTest" name="playerTwoWinsWhenGameHaveNotAdvantage" time="0"/>
  <testcase classname="kata.tennis.tests.unit.TennisGameTest" name="PlayerOneWinTiebrekAfterOnePlayerWinGame6TimesAndOttherWinsGame7Times" time="0"/>
  <testcase classname="kata.tennis.tests.unit.TennisGameTest" name="scoreOfSetWhenPlayerTwoWinsAfterOnePlayerWinGame6TimesAndOttherWinsGame5Times" time="0"/>
  <testcase classname="kata.tennis.tests.unit.TennisGameTest" name="scoreOfTiebrekWhenPlayerOneWinsTiebrekPointAfterBothPlayerWin0TiebrekPoint" time="0"/>
  <testcase classname="kata.tennis.tests.unit.TennisGameTest" name="scoreOfSetWhenPlayerTwoWinsAfterOnePlayerWinGame3TimesAndOttherWinsGame5Times" time="0"/>
  <testcase classname="kata.tennis.tests.unit.TennisGameTest" name="scoreOfSetWhenPlayerTwoWinsAfterOnePlayerWinGame4TimesAndOttherWinsGame5Times" time="0"/>
  <testcase classname="kata.tennis.tests.unit.TennisGameTest" name="PlayerOneWinTiebrekAfterOnePlayerWinGame6TimesAndOttherWinsGame5Times" time="0"/>
</testsuite>