<?xml version="1.0" encoding="UTF-8" ?>
<testsuite tests="351" failures="0" name="kata.tennis.tests.cucumber.RunCukesTest" time="0.154" errors="0" skipped="0">
  <properties>
    <property name="java.runtime.name" value="Java(TM) SE Runtime Environment"/>
    <property name="sun.boot.library.path" value="C:\Program Files\Java\jdk1.8.0_172\jre\bin"/>
    <property name="java.vm.version" value="25.172-b11"/>
    <property name="java.vm.vendor" value="Oracle Corporation"/>
    <property name="maven.multiModuleProjectDirectory" value="C:\Users\Finaxys\Desktop\kataTennis"/>
    <property name="java.vendor.url" value="http://java.oracle.com/"/>
    <property name="path.separator" value=";"/>
    <property name="guice.disable.misplaced.annotation.check" value="true"/>
    <property name="java.vm.name" value="Java HotSpot(TM) 64-Bit Server VM"/>
    <property name="file.encoding.pkg" value="sun.io"/>
    <property name="user.script" value=""/>
    <property name="user.country" value="FR"/>
    <property name="sun.java.launcher" value="SUN_STANDARD"/>
    <property name="sun.os.patch.level" value=""/>
    <property name="java.vm.specification.name" value="Java Virtual Machine Specification"/>
    <property name="user.dir" value="C:\Users\Finaxys\Desktop\kataTennis"/>
    <property name="java.runtime.version" value="1.8.0_172-b11"/>
    <property name="java.awt.graphicsenv" value="sun.awt.Win32GraphicsEnvironment"/>
    <property name="java.endorsed.dirs" value="C:\Program Files\Java\jdk1.8.0_172\jre\lib\endorsed"/>
    <property name="os.arch" value="amd64"/>
    <property name="java.io.tmpdir" value="C:\Users\Finaxys\AppData\Local\Temp\"/>
    <property name="line.separator" value="
"/>
    <property name="java.vm.specification.vendor" value="Oracle Corporation"/>
    <property name="user.variant" value=""/>
    <property name="os.name" value="Windows 10"/>
    <property name="classworlds.conf" value="C:\aei-training\terrenceTennis-workspace\.metadata\.plugins\org.eclipse.m2e.launching\launches\m2conf3936690390997294145.tmp"/>
    <property name="sun.jnu.encoding" value="Cp1252"/>
    <property name="java.library.path" value="C:\Program Files\Java\jdk1.8.0_172\bin;C:\WINDOWS\Sun\Java\bin;C:\WINDOWS\system32;C:\WINDOWS;C:/Program Files/Java/jre1.8.0_172/bin/server;C:/Program Files/Java/jre1.8.0_172/bin;C:/Program Files/Java/jre1.8.0_172/lib/amd64;C:\Program Files (x86)\Common Files\Oracle\Java\javapath;C:\WINDOWS\system32;C:\WINDOWS;C:\WINDOWS\System32\Wbem;C:\WINDOWS\System32\WindowsPowerShell\v1.0\;C:\WINDOWS\System32\OpenSSH\;C:\Program Files (x86)\scala\bin;C:\Program Files (x86)\scala\bin;C:\Program Files\TortoiseGit\bin;C:\Program Files\Git\cmd;C:\Users\Finaxys\AppData\Local\Microsoft\WindowsApps;C:\Program Files (x86)\scala\bin;;C:\Users\Finaxys\Desktop;;."/>
    <property name="java.specification.name" value="Java Platform API Specification"/>
    <property name="java.class.version" value="52.0"/>
    <property name="sun.management.compiler" value="HotSpot 64-Bit Tiered Compilers"/>
    <property name="os.version" value="10.0"/>
    <property name="user.home" value="C:\Users\Finaxys"/>
    <property name="user.timezone" value="Europe/Paris"/>
    <property name="java.awt.printerjob" value="sun.awt.windows.WPrinterJob"/>
    <property name="java.specification.version" value="1.8"/>
    <property name="file.encoding" value="Cp1252"/>
    <property name="user.name" value="Finaxys"/>
    <property name="java.class.path" value="C:\Users\Finaxys\.p2\pool\plugins\org.eclipse.m2e.maven.runtime_1.8.3.20180227-2135\jars\plexus-classworlds-2.5.2.jar"/>
    <property name="java.vm.specification.version" value="1.8"/>
    <property name="sun.arch.data.model" value="64"/>
    <property name="java.home" value="C:\Program Files\Java\jdk1.8.0_172\jre"/>
    <property name="sun.java.command" value="org.codehaus.plexus.classworlds.launcher.Launcher -B install"/>
    <property name="java.specification.vendor" value="Oracle Corporation"/>
    <property name="user.language" value="fr"/>
    <property name="awt.toolkit" value="sun.awt.windows.WToolkit"/>
    <property name="java.vm.info" value="mixed mode"/>
    <property name="java.version" value="1.8.0_172"/>
    <property name="java.ext.dirs" value="C:\Program Files\Java\jdk1.8.0_172\jre\lib\ext;C:\WINDOWS\Sun\Java\lib\ext"/>
    <property name="sun.boot.class.path" value="C:\Program Files\Java\jdk1.8.0_172\jre\lib\resources.jar;C:\Program Files\Java\jdk1.8.0_172\jre\lib\rt.jar;C:\Program Files\Java\jdk1.8.0_172\jre\lib\sunrsasign.jar;C:\Program Files\Java\jdk1.8.0_172\jre\lib\jsse.jar;C:\Program Files\Java\jdk1.8.0_172\jre\lib\jce.jar;C:\Program Files\Java\jdk1.8.0_172\jre\lib\charsets.jar;C:\Program Files\Java\jdk1.8.0_172\jre\lib\jfr.jar;C:\Program Files\Java\jdk1.8.0_172\jre\classes"/>
    <property name="java.vendor" value="Oracle Corporation"/>
    <property name="maven.home" value="C:\Users\Finaxys\Desktop\kataTennis\EMBEDDED"/>
    <property name="file.separator" value="\"/>
    <property name="java.vendor.url.bug" value="http://bugreport.sun.com/bugreport/"/>
    <property name="sun.cpu.endian" value="little"/>
    <property name="sun.io.unicode.encoding" value="UnicodeLittle"/>
    <property name="sun.desktop" value="windows"/>
    <property name="sun.cpu.isalist" value="amd64"/>
  </properties>
  <testcase classname="Given no points have been scored   " name="Given no points have been scored   " time="0.004"/>
  <testcase classname="Then scoreboard displays &quot;0-0&quot;    " name="Then scoreboard displays &quot;0-0&quot;    " time="0"/>
  <testcase classname="Scenario: Start Game at 0-0  " name="Scenario: Start Game at 0-0  " time="0.002"/>
  <testcase classname="When I mark 0 points to &quot;player one&quot;        " name="When I mark 0 points to &quot;player one&quot;        " time="0.001"/>
  <testcase classname="And I mark 0 points to &quot;player two&quot;         " name="And I mark 0 points to &quot;player two&quot;         " time="0"/>
  <testcase classname="Then scoreboard displays &quot;0-0&quot;          " name="Then scoreboard displays &quot;0-0&quot;          " time="0"/>
  <testcase classname="| 0 | 0 | &quot;0-0&quot; |       " name="| 0 | 0 | &quot;0-0&quot; |       " time="0.001"/>
  <testcase classname="When I mark 1 points to &quot;player one&quot;            " name="When I mark 1 points to &quot;player one&quot;            " time="0"/>
  <testcase classname="And I mark 0 points to &quot;player two&quot;             " name="And I mark 0 points to &quot;player two&quot;             " time="0"/>
  <testcase classname="Then scoreboard displays &quot;15-0&quot;              " name="Then scoreboard displays &quot;15-0&quot;              " time="0"/>
  <testcase classname="| 1 | 0 | &quot;15-0&quot; |           " name="| 1 | 0 | &quot;15-0&quot; |           " time="0.001"/>
  <testcase classname="When I mark 2 points to &quot;player one&quot;                " name="When I mark 2 points to &quot;player one&quot;                " time="0"/>
  <testcase classname="And I mark 0 points to &quot;player two&quot;                 " name="And I mark 0 points to &quot;player two&quot;                 " time="0"/>
  <testcase classname="Then scoreboard displays &quot;30-0&quot;                  " name="Then scoreboard displays &quot;30-0&quot;                  " time="0"/>
  <testcase classname="| 2 | 0 | &quot;30-0&quot; |               " name="| 2 | 0 | &quot;30-0&quot; |               " time="0.002"/>
  <testcase classname="When I mark 2 points to &quot;player one&quot;                    " name="When I mark 2 points to &quot;player one&quot;                    " time="0"/>
  <testcase classname="And I mark 1 points to &quot;player two&quot;                     " name="And I mark 1 points to &quot;player two&quot;                     " time="0"/>
  <testcase classname="Then scoreboard displays &quot;30-15&quot;                      " name="Then scoreboard displays &quot;30-15&quot;                      " time="0"/>
  <testcase classname="| 2 | 1 | &quot;30-15&quot; |                   " name="| 2 | 1 | &quot;30-15&quot; |                   " time="0.001"/>
  <testcase classname="When I mark 3 points to &quot;player one&quot;                        " name="When I mark 3 points to &quot;player one&quot;                        " time="0.002"/>
  <testcase classname="And I mark 1 points to &quot;player two&quot;                         " name="And I mark 1 points to &quot;player two&quot;                         " time="0"/>
  <testcase classname="Then scoreboard displays &quot;40-15&quot;                          " name="Then scoreboard displays &quot;40-15&quot;                          " time="0"/>
  <testcase classname="| 3 | 1 | &quot;40-15&quot; |                       " name="| 3 | 1 | &quot;40-15&quot; |                       " time="0"/>
  <testcase classname="When I mark 3 points to &quot;player one&quot;                            " name="When I mark 3 points to &quot;player one&quot;                            " time="0"/>
  <testcase classname="And I mark 2 points to &quot;player two&quot;                             " name="And I mark 2 points to &quot;player two&quot;                             " time="0.001"/>
  <testcase classname="Then scoreboard displays &quot;40-30&quot;                              " name="Then scoreboard displays &quot;40-30&quot;                              " time="0"/>
  <testcase classname="| 3 | 2 | &quot;40-30&quot; |                           " name="| 3 | 2 | &quot;40-30&quot; |                           " time="0.002"/>
  <testcase classname="When I mark 3 points to &quot;player one&quot;                                " name="When I mark 3 points to &quot;player one&quot;                                " time="0"/>
  <testcase classname="And I mark 3 points to &quot;player two&quot;                                 " name="And I mark 3 points to &quot;player two&quot;                                 " time="0"/>
  <testcase classname="Then scoreboard displays &quot;40-40&quot;                                  " name="Then scoreboard displays &quot;40-40&quot;                                  " time="0"/>
  <testcase classname="| 3 | 3 | &quot;40-40&quot; |                               " name="| 3 | 3 | &quot;40-40&quot; |                               " time="0.004"/>
  <testcase classname="Given &quot;player one&quot; has the score of &quot;40&quot;                                    " name="Given &quot;player one&quot; has the score of &quot;40&quot;                                    " time="0"/>
  <testcase classname="And &quot;player two&quot; has the score of &quot;0&quot;                                     " name="And &quot;player two&quot; has the score of &quot;0&quot;                                     " time="0"/>
  <testcase classname="When I mark 1 points to &quot;player one&quot;                                      " name="When I mark 1 points to &quot;player one&quot;                                      " time="0"/>
  <testcase classname="Then scoreboard displays &quot;0-0&quot;                                       " name="Then scoreboard displays &quot;0-0&quot;                                       " time="0"/>
  <testcase classname="And winner of this game is &quot;player one wins the game&quot;                                        " name="And winner of this game is &quot;player one wins the game&quot;                                        " time="0"/>
  <testcase classname="Scenario: Winning straight at 40-0                                   " name="Scenario: Winning straight at 40-0                                   " time="0"/>
  <testcase classname="Given &quot;player one&quot; has the score of &quot;15&quot;                                          " name="Given &quot;player one&quot; has the score of &quot;15&quot;                                          " time="0"/>
  <testcase classname="And &quot;player two&quot; has the score of &quot;40&quot;                                           " name="And &quot;player two&quot; has the score of &quot;40&quot;                                           " time="0"/>
  <testcase classname="When I mark 1 points to &quot;player two&quot;                                            " name="When I mark 1 points to &quot;player two&quot;                                            " time="0"/>
  <testcase classname="Then scoreboard displays &quot;0-0&quot;                                             " name="Then scoreboard displays &quot;0-0&quot;                                             " time="0"/>
  <testcase classname="And winner of this game is &quot;player two wins the game&quot;                                              " name="And winner of this game is &quot;player two wins the game&quot;                                              " time="0"/>
  <testcase classname="Scenario: Winning straight at 15-40                                         " name="Scenario: Winning straight at 15-40                                         " time="0.001"/>
  <testcase classname="Given &quot;player one&quot; has the score of &quot;40&quot;                                                " name="Given &quot;player one&quot; has the score of &quot;40&quot;                                                " time="0"/>
  <testcase classname="And &quot;player two&quot; has the score of &quot;30&quot;                                                 " name="And &quot;player two&quot; has the score of &quot;30&quot;                                                 " time="0.001"/>
  <testcase classname="When I mark 1 points to &quot;player one&quot;                                                  " name="When I mark 1 points to &quot;player one&quot;                                                  " time="0"/>
  <testcase classname="Then scoreboard displays &quot;0-0&quot;                                                   " name="Then scoreboard displays &quot;0-0&quot;                                                   " time="0.009"/>
  <testcase classname="And winner of this game is &quot;player one wins the game&quot;                                                    " name="And winner of this game is &quot;player one wins the game&quot;                                                    " time="0"/>
  <testcase classname="Scenario: Winning straight at 40-30                                               " name="Scenario: Winning straight at 40-30                                               " time="0.002"/>
  <testcase classname="Given &quot;player one&quot; has the score without adv of &quot;40&quot;                                                      " name="Given &quot;player one&quot; has the score without adv of &quot;40&quot;                                                      " time="0"/>
  <testcase classname="And &quot;player two&quot; has the score without adv of &quot;40&quot;                                                       " name="And &quot;player two&quot; has the score without adv of &quot;40&quot;                                                       " time="0"/>
  <testcase classname="When I mark 1 points to &quot;player two&quot;                                                        " name="When I mark 1 points to &quot;player two&quot;                                                        " time="0"/>
  <testcase classname="Then scoreboard displays &quot;0-0&quot;                                                         " name="Then scoreboard displays &quot;0-0&quot;                                                         " time="0"/>
  <testcase classname="And winner of this game is &quot;player two wins the game&quot;                                                          " name="And winner of this game is &quot;player two wins the game&quot;                                                          " time="0"/>
  <testcase classname="Scenario: Winning at Deuce                                                     " name="Scenario: Winning at Deuce                                                     " time="0.001"/>
  <testcase classname="Given &quot;player one&quot; has the score of &quot;40&quot;                                                             " name="Given &quot;player one&quot; has the score of &quot;40&quot;                                                             " time="0"/>
  <testcase classname="And &quot;player two&quot; has the score of &quot;40&quot;                                                              " name="And &quot;player two&quot; has the score of &quot;40&quot;                                                              " time="0"/>
  <testcase classname="When I mark 1 points to &quot;player one&quot;                                                               " name="When I mark 1 points to &quot;player one&quot;                                                               " time="0"/>
  <testcase classname="Then scoreboard displays &quot;adv-40&quot;                                                                " name="Then scoreboard displays &quot;adv-40&quot;                                                                " time="0"/>
  <testcase classname="Scenario: Gaining advantage                                                            " name="Scenario: Gaining advantage                                                            " time="0.001"/>
  <testcase classname="Given &quot;player two&quot; has the score of &quot;40&quot;                                                                  " name="Given &quot;player two&quot; has the score of &quot;40&quot;                                                                  " time="0"/>
  <testcase classname="And &quot;player one&quot; has the score of &quot;adv&quot;                                                                   " name="And &quot;player one&quot; has the score of &quot;adv&quot;                                                                   " time="0"/>
  <testcase classname="When I mark 1 points to &quot;player two&quot;                                                                    " name="When I mark 1 points to &quot;player two&quot;                                                                    " time="0"/>
  <testcase classname="Then scoreboard displays &quot;40-40&quot;                                                                     " name="Then scoreboard displays &quot;40-40&quot;                                                                     " time="0"/>
  <testcase classname="Scenario: Losing advantage                                                                 " name="Scenario: Losing advantage                                                                 " time="0.001"/>
  <testcase classname="Given &quot;player one&quot; has the score of &quot;40&quot;                                                                       " name="Given &quot;player one&quot; has the score of &quot;40&quot;                                                                       " time="0"/>
  <testcase classname="And &quot;player two&quot; has the score of &quot;adv&quot;                                                                        " name="And &quot;player two&quot; has the score of &quot;adv&quot;                                                                        " time="0"/>
  <testcase classname="When I mark 1 points to &quot;player two&quot;                                                                         " name="When I mark 1 points to &quot;player two&quot;                                                                         " time="0.001"/>
  <testcase classname="Then scoreboard displays &quot;0-0&quot;                                                                          " name="Then scoreboard displays &quot;0-0&quot;                                                                          " time="0.002"/>
  <testcase classname="And winner of this game is &quot;player two wins the game&quot;                                                                           " name="And winner of this game is &quot;player two wins the game&quot;                                                                           " time="0.001"/>
  <testcase classname="Scenario: Winning after advantage                                                                      " name="Scenario: Winning after advantage                                                                      " time="0.002"/>
  <testcase classname="Given no points have been scored in set                                                                              " name="Given no points have been scored in set                                                                              " time="0"/>
  <testcase classname="Then scoreboard displays &quot;0-0&quot;                                                                               " name="Then scoreboard displays &quot;0-0&quot;                                                                               " time="0"/>
  <testcase classname="And set scoreboard displays &quot;0-0&quot;                                                                                " name="And set scoreboard displays &quot;0-0&quot;                                                                                " time="0"/>
  <testcase classname="Scenario: Start Game at 0-0                                                                             " name="Scenario: Start Game at 0-0                                                                             " time="0.002"/>
  <testcase classname="When I mark 0 points to &quot;player one&quot;                                                                                    " name="When I mark 0 points to &quot;player one&quot;                                                                                    " time="0"/>
  <testcase classname="And I mark 0 points to &quot;player two&quot;                                                                                     " name="And I mark 0 points to &quot;player two&quot;                                                                                     " time="0.001"/>
  <testcase classname="Then scoreboard displays &quot;0-0&quot;                                                                                      " name="Then scoreboard displays &quot;0-0&quot;                                                                                      " time="0"/>
  <testcase classname="And set scoreboard displays &quot;0-0&quot;                                                                                       " name="And set scoreboard displays &quot;0-0&quot;                                                                                       " time="0.001"/>
  <testcase classname="| 0 | 0 | &quot;0-0&quot; | &quot;0-0&quot; |                                                                                   " name="| 0 | 0 | &quot;0-0&quot; | &quot;0-0&quot; |                                                                                   " time="0.003"/>
  <testcase classname="When I mark 1 points to &quot;player one&quot;                                                                                         " name="When I mark 1 points to &quot;player one&quot;                                                                                         " time="0.001"/>
  <testcase classname="And I mark 0 points to &quot;player two&quot;                                                                                          " name="And I mark 0 points to &quot;player two&quot;                                                                                          " time="0.001"/>
  <testcase classname="Then scoreboard displays &quot;15-0&quot;                                                                                           " name="Then scoreboard displays &quot;15-0&quot;                                                                                           " time="0"/>
  <testcase classname="And set scoreboard displays &quot;0-0&quot;                                                                                            " name="And set scoreboard displays &quot;0-0&quot;                                                                                            " time="0"/>
  <testcase classname="| 1 | 0 | &quot;15-0&quot; | &quot;0-0&quot; |                                                                                        " name="| 1 | 0 | &quot;15-0&quot; | &quot;0-0&quot; |                                                                                        " time="0.003"/>
  <testcase classname="When I mark 2 points to &quot;player one&quot;                                                                                              " name="When I mark 2 points to &quot;player one&quot;                                                                                              " time="0"/>
  <testcase classname="And I mark 0 points to &quot;player two&quot;                                                                                               " name="And I mark 0 points to &quot;player two&quot;                                                                                               " time="0.002"/>
  <testcase classname="Then scoreboard displays &quot;30-0&quot;                                                                                                " name="Then scoreboard displays &quot;30-0&quot;                                                                                                " time="0"/>
  <testcase classname="And set scoreboard displays &quot;0-0&quot;                                                                                                 " name="And set scoreboard displays &quot;0-0&quot;                                                                                                 " time="0.001"/>
  <testcase classname="| 2 | 0 | &quot;30-0&quot; | &quot;0-0&quot; |                                                                                             " name="| 2 | 0 | &quot;30-0&quot; | &quot;0-0&quot; |                                                                                             " time="0.003"/>
  <testcase classname="When I mark 1 points to &quot;player one&quot;                                                                                                   " name="When I mark 1 points to &quot;player one&quot;                                                                                                   " time="0.001"/>
  <testcase classname="And I mark 2 points to &quot;player two&quot;                                                                                                    " name="And I mark 2 points to &quot;player two&quot;                                                                                                    " time="0.001"/>
  <testcase classname="Then scoreboard displays &quot;15-30&quot;                                                                                                     " name="Then scoreboard displays &quot;15-30&quot;                                                                                                     " time="0"/>
  <testcase classname="And set scoreboard displays &quot;0-0&quot;                                                                                                      " name="And set scoreboard displays &quot;0-0&quot;                                                                                                      " time="0"/>
  <testcase classname="| 1 | 2 | &quot;15-30&quot; | &quot;0-0&quot; |                                                                                                  " name="| 1 | 2 | &quot;15-30&quot; | &quot;0-0&quot; |                                                                                                  " time="0"/>
  <testcase classname="When I mark 3 points to &quot;player one&quot;                                                                                                        " name="When I mark 3 points to &quot;player one&quot;                                                                                                        " time="0"/>
  <testcase classname="And I mark 1 points to &quot;player two&quot;                                                                                                         " name="And I mark 1 points to &quot;player two&quot;                                                                                                         " time="0"/>
  <testcase classname="Then scoreboard displays &quot;40-15&quot;                                                                                                          " name="Then scoreboard displays &quot;40-15&quot;                                                                                                          " time="0"/>
  <testcase classname="And set scoreboard displays &quot;0-0&quot;                                                                                                           " name="And set scoreboard displays &quot;0-0&quot;                                                                                                           " time="0"/>
  <testcase classname="| 3 | 1 | &quot;40-15&quot; | &quot;0-0&quot; |                                                                                                       " name="| 3 | 1 | &quot;40-15&quot; | &quot;0-0&quot; |                                                                                                       " time="0.004"/>
  <testcase classname="When I mark 2 points to &quot;player one&quot;                                                                                                             " name="When I mark 2 points to &quot;player one&quot;                                                                                                             " time="0"/>
  <testcase classname="And I mark 1 points to &quot;player two&quot;                                                                                                              " name="And I mark 1 points to &quot;player two&quot;                                                                                                              " time="0"/>
  <testcase classname="Then scoreboard displays &quot;30-15&quot;                                                                                                               " name="Then scoreboard displays &quot;30-15&quot;                                                                                                               " time="0"/>
  <testcase classname="And set scoreboard displays &quot;0-0&quot;                                                                                                                " name="And set scoreboard displays &quot;0-0&quot;                                                                                                                " time="0"/>
  <testcase classname="| 2 | 1 | &quot;30-15&quot; | &quot;0-0&quot; |                                                                                                            " name="| 2 | 1 | &quot;30-15&quot; | &quot;0-0&quot; |                                                                                                            " time="0"/>
  <testcase classname="When I mark 2 points to &quot;player one&quot;                                                                                                                  " name="When I mark 2 points to &quot;player one&quot;                                                                                                                  " time="0"/>
  <testcase classname="And I mark 2 points to &quot;player two&quot;                                                                                                                   " name="And I mark 2 points to &quot;player two&quot;                                                                                                                   " time="0"/>
  <testcase classname="Then scoreboard displays &quot;30-30&quot;                                                                                                                    " name="Then scoreboard displays &quot;30-30&quot;                                                                                                                    " time="0.005"/>
  <testcase classname="And set scoreboard displays &quot;0-0&quot;                                                                                                                     " name="And set scoreboard displays &quot;0-0&quot;                                                                                                                     " time="0"/>
  <testcase classname="| 2 | 2 | &quot;30-30&quot; | &quot;0-0&quot; |                                                                                                                 " name="| 2 | 2 | &quot;30-30&quot; | &quot;0-0&quot; |                                                                                                                 " time="0.001"/>
  <testcase classname="When I mark 3 points to &quot;player one&quot;                                                                                                                       " name="When I mark 3 points to &quot;player one&quot;                                                                                                                       " time="0"/>
  <testcase classname="And I mark 3 points to &quot;player two&quot;                                                                                                                        " name="And I mark 3 points to &quot;player two&quot;                                                                                                                        " time="0"/>
  <testcase classname="Then scoreboard displays &quot;40-40&quot;                                                                                                                         " name="Then scoreboard displays &quot;40-40&quot;                                                                                                                         " time="0"/>
  <testcase classname="And set scoreboard displays &quot;0-0&quot;                                                                                                                          " name="And set scoreboard displays &quot;0-0&quot;                                                                                                                          " time="0"/>
  <testcase classname="| 3 | 3 | &quot;40-40&quot; | &quot;0-0&quot; |                                                                                                                      " name="| 3 | 3 | &quot;40-40&quot; | &quot;0-0&quot; |                                                                                                                      " time="0"/>
  <testcase classname="When I mark 3 points to &quot;player one&quot;                                                                                                                            " name="When I mark 3 points to &quot;player one&quot;                                                                                                                            " time="0"/>
  <testcase classname="And I mark 4 points to &quot;player two&quot;                                                                                                                             " name="And I mark 4 points to &quot;player two&quot;                                                                                                                             " time="0.001"/>
  <testcase classname="Then scoreboard displays &quot;40-adv&quot;                                                                                                                              " name="Then scoreboard displays &quot;40-adv&quot;                                                                                                                              " time="0"/>
  <testcase classname="And set scoreboard displays &quot;0-0&quot;                                                                                                                               " name="And set scoreboard displays &quot;0-0&quot;                                                                                                                               " time="0"/>
  <testcase classname="| 3 | 4 | &quot;40-adv&quot; | &quot;0-0&quot; |                                                                                                                           " name="| 3 | 4 | &quot;40-adv&quot; | &quot;0-0&quot; |                                                                                                                           " time="0"/>
  <testcase classname="Given &quot;player one&quot; has the score of &quot;40&quot;                                                                                                                                 " name="Given &quot;player one&quot; has the score of &quot;40&quot;                                                                                                                                 " time="0.001"/>
  <testcase classname="And &quot;player two&quot; has the score of &quot;0&quot;                                                                                                                                  " name="And &quot;player two&quot; has the score of &quot;0&quot;                                                                                                                                  " time="0.001"/>
  <testcase classname="When I mark 1 points to &quot;player one&quot;                                                                                                                                   " name="When I mark 1 points to &quot;player one&quot;                                                                                                                                   " time="0"/>
  <testcase classname="Then scoreboard displays &quot;0-0&quot;                                                                                                                                    " name="Then scoreboard displays &quot;0-0&quot;                                                                                                                                    " time="0"/>
  <testcase classname="And set scoreboard displays &quot;1-0&quot;                                                                                                                                     " name="And set scoreboard displays &quot;1-0&quot;                                                                                                                                     " time="0"/>
  <testcase classname="And winner of this game is &quot;player one wins the game&quot;                                                                                                                                      " name="And winner of this game is &quot;player one wins the game&quot;                                                                                                                                      " time="0.001"/>
  <testcase classname="Scenario: Winning Game straight at 40-0 when starting Set                                                                                                                                " name="Scenario: Winning Game straight at 40-0 when starting Set                                                                                                                                " time="0.002"/>
  <testcase classname="Given &quot;player one&quot; has the score of &quot;15&quot;                                                                                                                                        " name="Given &quot;player one&quot; has the score of &quot;15&quot;                                                                                                                                        " time="0"/>
  <testcase classname="And &quot;player two&quot; has the score of &quot;40&quot;                                                                                                                                         " name="And &quot;player two&quot; has the score of &quot;40&quot;                                                                                                                                         " time="0"/>
  <testcase classname="When I mark 1 points to &quot;player two&quot;                                                                                                                                          " name="When I mark 1 points to &quot;player two&quot;                                                                                                                                          " time="0"/>
  <testcase classname="Then scoreboard displays &quot;0-0&quot;                                                                                                                                           " name="Then scoreboard displays &quot;0-0&quot;                                                                                                                                           " time="0"/>
  <testcase classname="And set scoreboard displays &quot;0-1&quot;                                                                                                                                            " name="And set scoreboard displays &quot;0-1&quot;                                                                                                                                            " time="0.001"/>
  <testcase classname="And winner of this game is &quot;player two wins the game&quot;                                                                                                                                             " name="And winner of this game is &quot;player two wins the game&quot;                                                                                                                                             " time="0"/>
  <testcase classname="Scenario: Winning Game straight at 15-40 when starting Set                                                                                                                                       " name="Scenario: Winning Game straight at 15-40 when starting Set                                                                                                                                       " time="0.001"/>
  <testcase classname="Given &quot;player one&quot; has the score of &quot;40&quot;                                                                                                                                               " name="Given &quot;player one&quot; has the score of &quot;40&quot;                                                                                                                                               " time="0"/>
  <testcase classname="And &quot;player two&quot; has the score of &quot;30&quot;                                                                                                                                                " name="And &quot;player two&quot; has the score of &quot;30&quot;                                                                                                                                                " time="0"/>
  <testcase classname="When I mark 1 points to &quot;player one&quot;                                                                                                                                                 " name="When I mark 1 points to &quot;player one&quot;                                                                                                                                                 " time="0"/>
  <testcase classname="Then scoreboard displays &quot;0-0&quot;                                                                                                                                                  " name="Then scoreboard displays &quot;0-0&quot;                                                                                                                                                  " time="0"/>
  <testcase classname="And set scoreboard displays &quot;1-0&quot;                                                                                                                                                   " name="And set scoreboard displays &quot;1-0&quot;                                                                                                                                                   " time="0"/>
  <testcase classname="And winner of this game is &quot;player one wins the game&quot;                                                                                                                                                    " name="And winner of this game is &quot;player one wins the game&quot;                                                                                                                                                    " time="0"/>
  <testcase classname="Scenario: Winning Game straight at 40-30 when starting Set                                                                                                                                              " name="Scenario: Winning Game straight at 40-30 when starting Set                                                                                                                                              " time="0"/>
  <testcase classname="Given &quot;player one&quot; has the score of &quot;40&quot;                                                                                                                                                      " name="Given &quot;player one&quot; has the score of &quot;40&quot;                                                                                                                                                      " time="0.001"/>
  <testcase classname="And &quot;player two&quot; has the score of &quot;adv&quot;                                                                                                                                                       " name="And &quot;player two&quot; has the score of &quot;adv&quot;                                                                                                                                                       " time="0"/>
  <testcase classname="When I mark 1 points to &quot;player two&quot;                                                                                                                                                        " name="When I mark 1 points to &quot;player two&quot;                                                                                                                                                        " time="0.002"/>
  <testcase classname="Then scoreboard displays &quot;0-0&quot;                                                                                                                                                         " name="Then scoreboard displays &quot;0-0&quot;                                                                                                                                                         " time="0"/>
  <testcase classname="And set scoreboard displays &quot;0-1&quot;                                                                                                                                                          " name="And set scoreboard displays &quot;0-1&quot;                                                                                                                                                          " time="0"/>
  <testcase classname="And winner of this game is &quot;player two wins the game&quot;                                                                                                                                                           " name="And winner of this game is &quot;player two wins the game&quot;                                                                                                                                                           " time="0"/>
  <testcase classname="Scenario: Winning Game straight at 40-adv when starting Set                                                                                                                                                     " name="Scenario: Winning Game straight at 40-adv when starting Set                                                                                                                                                     " time="0.001"/>
  <testcase classname="When I mark 0 game to &quot;player one&quot;                                                                                                                                                               " name="When I mark 0 game to &quot;player one&quot;                                                                                                                                                               " time="0"/>
  <testcase classname="And I mark 0 game to &quot;player two&quot;                                                                                                                                                                " name="And I mark 0 game to &quot;player two&quot;                                                                                                                                                                " time="0"/>
  <testcase classname="Then set scoreboard displays &quot;0-0&quot;                                                                                                                                                                 " name="Then set scoreboard displays &quot;0-0&quot;                                                                                                                                                                 " time="0"/>
  <testcase classname="| 0 | 0 | &quot;0-0&quot; |                                                                                                                                                              " name="| 0 | 0 | &quot;0-0&quot; |                                                                                                                                                              " time="0.002"/>
  <testcase classname="When I mark 1 game to &quot;player one&quot;                                                                                                                                                                   " name="When I mark 1 game to &quot;player one&quot;                                                                                                                                                                   " time="0.001"/>
  <testcase classname="And I mark 0 game to &quot;player two&quot;                                                                                                                                                                    " name="And I mark 0 game to &quot;player two&quot;                                                                                                                                                                    " time="0.001"/>
  <testcase classname="Then set scoreboard displays &quot;1-0&quot;                                                                                                                                                                     " name="Then set scoreboard displays &quot;1-0&quot;                                                                                                                                                                     " time="0"/>
  <testcase classname="| 1 | 0 | &quot;1-0&quot; |                                                                                                                                                                  " name="| 1 | 0 | &quot;1-0&quot; |                                                                                                                                                                  " time="0"/>
  <testcase classname="When I mark 2 game to &quot;player one&quot;                                                                                                                                                                       " name="When I mark 2 game to &quot;player one&quot;                                                                                                                                                                       " time="0.001"/>
  <testcase classname="And I mark 0 game to &quot;player two&quot;                                                                                                                                                                        " name="And I mark 0 game to &quot;player two&quot;                                                                                                                                                                        " time="0"/>
  <testcase classname="Then set scoreboard displays &quot;2-0&quot;                                                                                                                                                                         " name="Then set scoreboard displays &quot;2-0&quot;                                                                                                                                                                         " time="0"/>
  <testcase classname="| 2 | 0 | &quot;2-0&quot; |                                                                                                                                                                      " name="| 2 | 0 | &quot;2-0&quot; |                                                                                                                                                                      " time="0.001"/>
  <testcase classname="When I mark 2 game to &quot;player one&quot;                                                                                                                                                                           " name="When I mark 2 game to &quot;player one&quot;                                                                                                                                                                           " time="0"/>
  <testcase classname="And I mark 1 game to &quot;player two&quot;                                                                                                                                                                            " name="And I mark 1 game to &quot;player two&quot;                                                                                                                                                                            " time="0"/>
  <testcase classname="Then set scoreboard displays &quot;2-1&quot;                                                                                                                                                                             " name="Then set scoreboard displays &quot;2-1&quot;                                                                                                                                                                             " time="0"/>
  <testcase classname="| 2 | 1 | &quot;2-1&quot; |                                                                                                                                                                          " name="| 2 | 1 | &quot;2-1&quot; |                                                                                                                                                                          " time="0.002"/>
  <testcase classname="When I mark 3 game to &quot;player one&quot;                                                                                                                                                                               " name="When I mark 3 game to &quot;player one&quot;                                                                                                                                                                               " time="0"/>
  <testcase classname="And I mark 1 game to &quot;player two&quot;                                                                                                                                                                                " name="And I mark 1 game to &quot;player two&quot;                                                                                                                                                                                " time="0"/>
  <testcase classname="Then set scoreboard displays &quot;3-1&quot;                                                                                                                                                                                 " name="Then set scoreboard displays &quot;3-1&quot;                                                                                                                                                                                 " time="0"/>
  <testcase classname="| 3 | 1 | &quot;3-1&quot; |                                                                                                                                                                              " name="| 3 | 1 | &quot;3-1&quot; |                                                                                                                                                                              " time="0.001"/>
  <testcase classname="When I mark 3 game to &quot;player one&quot;                                                                                                                                                                                   " name="When I mark 3 game to &quot;player one&quot;                                                                                                                                                                                   " time="0"/>
  <testcase classname="And I mark 2 game to &quot;player two&quot;                                                                                                                                                                                    " name="And I mark 2 game to &quot;player two&quot;                                                                                                                                                                                    " time="0"/>
  <testcase classname="Then set scoreboard displays &quot;3-2&quot;                                                                                                                                                                                     " name="Then set scoreboard displays &quot;3-2&quot;                                                                                                                                                                                     " time="0"/>
  <testcase classname="| 3 | 2 | &quot;3-2&quot; |                                                                                                                                                                                  " name="| 3 | 2 | &quot;3-2&quot; |                                                                                                                                                                                  " time="0.001"/>
  <testcase classname="When I mark 3 game to &quot;player one&quot;                                                                                                                                                                                       " name="When I mark 3 game to &quot;player one&quot;                                                                                                                                                                                       " time="0"/>
  <testcase classname="And I mark 3 game to &quot;player two&quot;                                                                                                                                                                                        " name="And I mark 3 game to &quot;player two&quot;                                                                                                                                                                                        " time="0"/>
  <testcase classname="Then set scoreboard displays &quot;3-3&quot;                                                                                                                                                                                         " name="Then set scoreboard displays &quot;3-3&quot;                                                                                                                                                                                         " time="0"/>
  <testcase classname="| 3 | 3 | &quot;3-3&quot; |                                                                                                                                                                                      " name="| 3 | 3 | &quot;3-3&quot; |                                                                                                                                                                                      " time="0.001"/>
  <testcase classname="When I mark 4 game to &quot;player one&quot;                                                                                                                                                                                           " name="When I mark 4 game to &quot;player one&quot;                                                                                                                                                                                           " time="0.001"/>
  <testcase classname="And I mark 2 game to &quot;player two&quot;                                                                                                                                                                                            " name="And I mark 2 game to &quot;player two&quot;                                                                                                                                                                                            " time="0.001"/>
  <testcase classname="Then set scoreboard displays &quot;4-2&quot;                                                                                                                                                                                             " name="Then set scoreboard displays &quot;4-2&quot;                                                                                                                                                                                             " time="0"/>
  <testcase classname="| 4 | 2 | &quot;4-2&quot; |                                                                                                                                                                                          " name="| 4 | 2 | &quot;4-2&quot; |                                                                                                                                                                                          " time="0.001"/>
  <testcase classname="When I mark 5 game to &quot;player one&quot;                                                                                                                                                                                               " name="When I mark 5 game to &quot;player one&quot;                                                                                                                                                                                               " time="0"/>
  <testcase classname="And I mark 1 game to &quot;player two&quot;                                                                                                                                                                                                " name="And I mark 1 game to &quot;player two&quot;                                                                                                                                                                                                " time="0"/>
  <testcase classname="Then set scoreboard displays &quot;5-1&quot;                                                                                                                                                                                                 " name="Then set scoreboard displays &quot;5-1&quot;                                                                                                                                                                                                 " time="0"/>
  <testcase classname="| 5 | 1 | &quot;5-1&quot; |                                                                                                                                                                                              " name="| 5 | 1 | &quot;5-1&quot; |                                                                                                                                                                                              " time="0.002"/>
  <testcase classname="When I mark 5 game to &quot;player one&quot;                                                                                                                                                                                                   " name="When I mark 5 game to &quot;player one&quot;                                                                                                                                                                                                   " time="0.001"/>
  <testcase classname="And I mark 5 game to &quot;player two&quot;                                                                                                                                                                                                    " name="And I mark 5 game to &quot;player two&quot;                                                                                                                                                                                                    " time="0"/>
  <testcase classname="Then set scoreboard displays &quot;5-5&quot;                                                                                                                                                                                                     " name="Then set scoreboard displays &quot;5-5&quot;                                                                                                                                                                                                     " time="0"/>
  <testcase classname="| 5 | 5 | &quot;5-5&quot; |                                                                                                                                                                                                  " name="| 5 | 5 | &quot;5-5&quot; |                                                                                                                                                                                                  " time="0.001"/>
  <testcase classname="Given &quot;player one&quot; has the game score of &quot;5&quot;                                                                                                                                                                                                       " name="Given &quot;player one&quot; has the game score of &quot;5&quot;                                                                                                                                                                                                       " time="0"/>
  <testcase classname="And &quot;player two&quot; has the game score of &quot;1&quot;                                                                                                                                                                                                        " name="And &quot;player two&quot; has the game score of &quot;1&quot;                                                                                                                                                                                                        " time="0"/>
  <testcase classname="When I mark 1 game to &quot;player one&quot;                                                                                                                                                                                                         " name="When I mark 1 game to &quot;player one&quot;                                                                                                                                                                                                         " time="0"/>
  <testcase classname="Then scoreboard displays &quot;0-0&quot;                                                                                                                                                                                                          " name="Then scoreboard displays &quot;0-0&quot;                                                                                                                                                                                                          " time="0"/>
  <testcase classname="And set scoreboard displays &quot;6-1&quot;                                                                                                                                                                                                           " name="And set scoreboard displays &quot;6-1&quot;                                                                                                                                                                                                           " time="0"/>
  <testcase classname="And winner of this set is &quot;player one wins the set&quot;                                                                                                                                                                                                            " name="And winner of this set is &quot;player one wins the set&quot;                                                                                                                                                                                                            " time="0"/>
  <testcase classname="Scenario: Winning Set straight at 5-1                                                                                                                                                                                                      " name="Scenario: Winning Set straight at 5-1                                                                                                                                                                                                      " time="0.001"/>
  <testcase classname="Given &quot;player one&quot; has the game score of &quot;2&quot;                                                                                                                                                                                                              " name="Given &quot;player one&quot; has the game score of &quot;2&quot;                                                                                                                                                                                                              " time="0"/>
  <testcase classname="And &quot;player two&quot; has the game score of &quot;5&quot;                                                                                                                                                                                                               " name="And &quot;player two&quot; has the game score of &quot;5&quot;                                                                                                                                                                                                               " time="0"/>
  <testcase classname="When I mark 1 game to &quot;player two&quot;                                                                                                                                                                                                                " name="When I mark 1 game to &quot;player two&quot;                                                                                                                                                                                                                " time="0"/>
  <testcase classname="Then scoreboard displays &quot;0-0&quot;                                                                                                                                                                                                                 " name="Then scoreboard displays &quot;0-0&quot;                                                                                                                                                                                                                 " time="0"/>
  <testcase classname="And set scoreboard displays &quot;2-6&quot;                                                                                                                                                                                                                  " name="And set scoreboard displays &quot;2-6&quot;                                                                                                                                                                                                                  " time="0"/>
  <testcase classname="And winner of this set is &quot;player two wins the set&quot;                                                                                                                                                                                                                   " name="And winner of this set is &quot;player two wins the set&quot;                                                                                                                                                                                                                   " time="0"/>
  <testcase classname="Scenario: Winning Set straight at 2-5                                                                                                                                                                                                             " name="Scenario: Winning Set straight at 2-5                                                                                                                                                                                                             " time="0.001"/>
  <testcase classname="Given &quot;player one&quot; has the game score of &quot;5&quot;                                                                                                                                                                                                                     " name="Given &quot;player one&quot; has the game score of &quot;5&quot;                                                                                                                                                                                                                     " time="0"/>
  <testcase classname="And &quot;player two&quot; has the game score of &quot;3&quot;                                                                                                                                                                                                                      " name="And &quot;player two&quot; has the game score of &quot;3&quot;                                                                                                                                                                                                                      " time="0"/>
  <testcase classname="When I mark 1 game to &quot;player one&quot;                                                                                                                                                                                                                       " name="When I mark 1 game to &quot;player one&quot;                                                                                                                                                                                                                       " time="0"/>
  <testcase classname="Then scoreboard displays &quot;0-0&quot;                                                                                                                                                                                                                        " name="Then scoreboard displays &quot;0-0&quot;                                                                                                                                                                                                                        " time="0"/>
  <testcase classname="And set scoreboard displays &quot;6-3&quot;                                                                                                                                                                                                                         " name="And set scoreboard displays &quot;6-3&quot;                                                                                                                                                                                                                         " time="0"/>
  <testcase classname="And winner of this set is &quot;player one wins the set&quot;                                                                                                                                                                                                                          " name="And winner of this set is &quot;player one wins the set&quot;                                                                                                                                                                                                                          " time="0"/>
  <testcase classname="Scenario: Winning Set straight at 5-3                                                                                                                                                                                                                    " name="Scenario: Winning Set straight at 5-3                                                                                                                                                                                                                    " time="0.001"/>
  <testcase classname="Given &quot;player one&quot; has the game score of &quot;4&quot;                                                                                                                                                                                                                            " name="Given &quot;player one&quot; has the game score of &quot;4&quot;                                                                                                                                                                                                                            " time="0"/>
  <testcase classname="And &quot;player two&quot; has the game score of &quot;5&quot;                                                                                                                                                                                                                             " name="And &quot;player two&quot; has the game score of &quot;5&quot;                                                                                                                                                                                                                             " time="0"/>
  <testcase classname="When I mark 1 game to &quot;player two&quot;                                                                                                                                                                                                                              " name="When I mark 1 game to &quot;player two&quot;                                                                                                                                                                                                                              " time="0"/>
  <testcase classname="Then scoreboard displays &quot;0-0&quot;                                                                                                                                                                                                                               " name="Then scoreboard displays &quot;0-0&quot;                                                                                                                                                                                                                               " time="0"/>
  <testcase classname="And set scoreboard displays &quot;4-6&quot;                                                                                                                                                                                                                                " name="And set scoreboard displays &quot;4-6&quot;                                                                                                                                                                                                                                " time="0"/>
  <testcase classname="And winner of this set is &quot;player two wins the set&quot;                                                                                                                                                                                                                                 " name="And winner of this set is &quot;player two wins the set&quot;                                                                                                                                                                                                                                 " time="0"/>
  <testcase classname="Scenario: Winning Set straight at 4-5                                                                                                                                                                                                                           " name="Scenario: Winning Set straight at 4-5                                                                                                                                                                                                                           " time="0"/>
  <testcase classname="Given &quot;player one&quot; has the game score of &quot;6&quot;                                                                                                                                                                                                                                   " name="Given &quot;player one&quot; has the game score of &quot;6&quot;                                                                                                                                                                                                                                   " time="0"/>
  <testcase classname="And &quot;player two&quot; has the game score of &quot;5&quot;                                                                                                                                                                                                                                    " name="And &quot;player two&quot; has the game score of &quot;5&quot;                                                                                                                                                                                                                                    " time="0"/>
  <testcase classname="When I mark 1 game to &quot;player one&quot;                                                                                                                                                                                                                                     " name="When I mark 1 game to &quot;player one&quot;                                                                                                                                                                                                                                     " time="0"/>
  <testcase classname="Then scoreboard displays &quot;0-0&quot;                                                                                                                                                                                                                                      " name="Then scoreboard displays &quot;0-0&quot;                                                                                                                                                                                                                                      " time="0.001"/>
  <testcase classname="And set scoreboard displays &quot;7-5&quot;                                                                                                                                                                                                                                       " name="And set scoreboard displays &quot;7-5&quot;                                                                                                                                                                                                                                       " time="0"/>
  <testcase classname="And winner of this set is &quot;player one wins the set&quot;                                                                                                                                                                                                                                        " name="And winner of this set is &quot;player one wins the set&quot;                                                                                                                                                                                                                                        " time="0"/>
  <testcase classname="Scenario: Winning Set straight at 6-5                                                                                                                                                                                                                                  " name="Scenario: Winning Set straight at 6-5                                                                                                                                                                                                                                  " time="0"/>
  <testcase classname="Given &quot;player one&quot; has the game score of &quot;5&quot;                                                                                                                                                                                                                                          " name="Given &quot;player one&quot; has the game score of &quot;5&quot;                                                                                                                                                                                                                                          " time="0"/>
  <testcase classname="And &quot;player two&quot; has the game score of &quot;4&quot;                                                                                                                                                                                                                                           " name="And &quot;player two&quot; has the game score of &quot;4&quot;                                                                                                                                                                                                                                           " time="0"/>
  <testcase classname="And &quot;player one&quot; has the score of &quot;40&quot;                                                                                                                                                                                                                                            " name="And &quot;player one&quot; has the score of &quot;40&quot;                                                                                                                                                                                                                                            " time="0"/>
  <testcase classname="And &quot;player two&quot; has the score of &quot;0&quot;                                                                                                                                                                                                                                             " name="And &quot;player two&quot; has the score of &quot;0&quot;                                                                                                                                                                                                                                             " time="0"/>
  <testcase classname="When I mark 1 points to &quot;player one&quot;                                                                                                                                                                                                                                              " name="When I mark 1 points to &quot;player one&quot;                                                                                                                                                                                                                                              " time="0"/>
  <testcase classname="Then scoreboard displays &quot;0-0&quot;                                                                                                                                                                                                                                               " name="Then scoreboard displays &quot;0-0&quot;                                                                                                                                                                                                                                               " time="0"/>
  <testcase classname="And set scoreboard displays &quot;6-4&quot;                                                                                                                                                                                                                                                " name="And set scoreboard displays &quot;6-4&quot;                                                                                                                                                                                                                                                " time="0"/>
  <testcase classname="And winner of this set is &quot;player one wins the set&quot;                                                                                                                                                                                                                                                 " name="And winner of this set is &quot;player one wins the set&quot;                                                                                                                                                                                                                                                 " time="0"/>
  <testcase classname="Scenario: Winning Set After Lead Set at 5-4 and Lead game at 40-0                                                                                                                                                                                                                                         " name="Scenario: Winning Set After Lead Set at 5-4 and Lead game at 40-0                                                                                                                                                                                                                                         " time="0.001"/>
  <testcase classname="Given &quot;player one&quot; has the game score of &quot;5&quot;                                                                                                                                                                                                                                                   " name="Given &quot;player one&quot; has the game score of &quot;5&quot;                                                                                                                                                                                                                                                   " time="0"/>
  <testcase classname="And &quot;player two&quot; has the game score of &quot;3&quot;                                                                                                                                                                                                                                                    " name="And &quot;player two&quot; has the game score of &quot;3&quot;                                                                                                                                                                                                                                                    " time="0"/>
  <testcase classname="And &quot;player one&quot; has the score of &quot;40&quot;                                                                                                                                                                                                                                                     " name="And &quot;player one&quot; has the score of &quot;40&quot;                                                                                                                                                                                                                                                     " time="0"/>
  <testcase classname="And &quot;player two&quot; has the score of &quot;30&quot;                                                                                                                                                                                                                                                      " name="And &quot;player two&quot; has the score of &quot;30&quot;                                                                                                                                                                                                                                                      " time="0"/>
  <testcase classname="When I mark 1 points to &quot;player one&quot;                                                                                                                                                                                                                                                       " name="When I mark 1 points to &quot;player one&quot;                                                                                                                                                                                                                                                       " time="0.001"/>
  <testcase classname="Then scoreboard displays &quot;0-0&quot;                                                                                                                                                                                                                                                        " name="Then scoreboard displays &quot;0-0&quot;                                                                                                                                                                                                                                                        " time="0.001"/>
  <testcase classname="And set scoreboard displays &quot;6-3&quot;                                                                                                                                                                                                                                                         " name="And set scoreboard displays &quot;6-3&quot;                                                                                                                                                                                                                                                         " time="0"/>
  <testcase classname="And winner of this set is &quot;player one wins the set&quot;                                                                                                                                                                                                                                                          " name="And winner of this set is &quot;player one wins the set&quot;                                                                                                                                                                                                                                                          " time="0"/>
  <testcase classname="Scenario: Winning Set After Lead Set at 5-3 and Lead game at 40-30                                                                                                                                                                                                                                                  " name="Scenario: Winning Set After Lead Set at 5-3 and Lead game at 40-30                                                                                                                                                                                                                                                  " time="0.001"/>
  <testcase classname="Given &quot;player one&quot; has the game score of &quot;6&quot;                                                                                                                                                                                                                                                            " name="Given &quot;player one&quot; has the game score of &quot;6&quot;                                                                                                                                                                                                                                                            " time="0"/>
  <testcase classname="And &quot;player two&quot; has the game score of &quot;5&quot;                                                                                                                                                                                                                                                             " name="And &quot;player two&quot; has the game score of &quot;5&quot;                                                                                                                                                                                                                                                             " time="0.001"/>
  <testcase classname="And &quot;player one&quot; has the score of &quot;15&quot;                                                                                                                                                                                                                                                              " name="And &quot;player one&quot; has the score of &quot;15&quot;                                                                                                                                                                                                                                                              " time="0"/>
  <testcase classname="And &quot;player two&quot; has the score of &quot;40&quot;                                                                                                                                                                                                                                                               " name="And &quot;player two&quot; has the score of &quot;40&quot;                                                                                                                                                                                                                                                               " time="0"/>
  <testcase classname="When I mark 1 points to &quot;player two&quot;                                                                                                                                                                                                                                                                " name="When I mark 1 points to &quot;player two&quot;                                                                                                                                                                                                                                                                " time="0"/>
  <testcase classname="Then scoreboard displays &quot;0-0&quot;                                                                                                                                                                                                                                                                 " name="Then scoreboard displays &quot;0-0&quot;                                                                                                                                                                                                                                                                 " time="0.001"/>
  <testcase classname="And set scoreboard displays &quot;6-6&quot;                                                                                                                                                                                                                                                                  " name="And set scoreboard displays &quot;6-6&quot;                                                                                                                                                                                                                                                                  " time="0"/>
  <testcase classname="Scenario: Egality Set After Lead Set at 6-5 and Lead game at 15-40                                                                                                                                                                                                                                                           " name="Scenario: Egality Set After Lead Set at 6-5 and Lead game at 15-40                                                                                                                                                                                                                                                           " time="0.001"/>
  <testcase classname="Given &quot;player one&quot; has the game score of &quot;5&quot;                                                                                                                                                                                                                                                                    " name="Given &quot;player one&quot; has the game score of &quot;5&quot;                                                                                                                                                                                                                                                                    " time="0"/>
  <testcase classname="And &quot;player two&quot; has the game score of &quot;6&quot;                                                                                                                                                                                                                                                                     " name="And &quot;player two&quot; has the game score of &quot;6&quot;                                                                                                                                                                                                                                                                     " time="0"/>
  <testcase classname="And &quot;player one&quot; has the score of &quot;40&quot;                                                                                                                                                                                                                                                                      " name="And &quot;player one&quot; has the score of &quot;40&quot;                                                                                                                                                                                                                                                                      " time="0.001"/>
  <testcase classname="And &quot;player two&quot; has the score of &quot;adv&quot;                                                                                                                                                                                                                                                                       " name="And &quot;player two&quot; has the score of &quot;adv&quot;                                                                                                                                                                                                                                                                       " time="0"/>
  <testcase classname="When I mark 1 points to &quot;player two&quot;                                                                                                                                                                                                                                                                        " name="When I mark 1 points to &quot;player two&quot;                                                                                                                                                                                                                                                                        " time="0"/>
  <testcase classname="Then scoreboard displays &quot;0-0&quot;                                                                                                                                                                                                                                                                         " name="Then scoreboard displays &quot;0-0&quot;                                                                                                                                                                                                                                                                         " time="0"/>
  <testcase classname="And set scoreboard displays &quot;5-7&quot;                                                                                                                                                                                                                                                                          " name="And set scoreboard displays &quot;5-7&quot;                                                                                                                                                                                                                                                                          " time="0.001"/>
  <testcase classname="And winner of this set is &quot;player two wins the set&quot;                                                                                                                                                                                                                                                                           " name="And winner of this set is &quot;player two wins the set&quot;                                                                                                                                                                                                                                                                           " time="0"/>
  <testcase classname="Scenario: Winning Set After Lead Set at 5-6 and Lead game at 40-adv                                                                                                                                                                                                                                                                   " name="Scenario: Winning Set After Lead Set at 5-6 and Lead game at 40-adv                                                                                                                                                                                                                                                                   " time="0.001"/>
  <testcase classname="Given &quot;player one&quot; has the game score of &quot;3&quot;                                                                                                                                                                                                                                                                             " name="Given &quot;player one&quot; has the game score of &quot;3&quot;                                                                                                                                                                                                                                                                             " time="0"/>
  <testcase classname="And &quot;player two&quot; has the game score of &quot;2&quot;                                                                                                                                                                                                                                                                              " name="And &quot;player two&quot; has the game score of &quot;2&quot;                                                                                                                                                                                                                                                                              " time="0"/>
  <testcase classname="And &quot;player one&quot; has the score of &quot;40&quot;                                                                                                                                                                                                                                                                               " name="And &quot;player one&quot; has the score of &quot;40&quot;                                                                                                                                                                                                                                                                               " time="0"/>
  <testcase classname="And &quot;player two&quot; has the score of &quot;30&quot;                                                                                                                                                                                                                                                                                " name="And &quot;player two&quot; has the score of &quot;30&quot;                                                                                                                                                                                                                                                                                " time="0"/>
  <testcase classname="When I mark 1 points to &quot;player one&quot;                                                                                                                                                                                                                                                                                 " name="When I mark 1 points to &quot;player one&quot;                                                                                                                                                                                                                                                                                 " time="0"/>
  <testcase classname="Then scoreboard displays &quot;0-0&quot;                                                                                                                                                                                                                                                                                  " name="Then scoreboard displays &quot;0-0&quot;                                                                                                                                                                                                                                                                                  " time="0"/>
  <testcase classname="And set scoreboard displays &quot;4-2&quot;                                                                                                                                                                                                                                                                                   " name="And set scoreboard displays &quot;4-2&quot;                                                                                                                                                                                                                                                                                   " time="0"/>
  <testcase classname="Scenario: Player one Break in Set After Lead Set at 3-2 and Lead game at 40-30                                                                                                                                                                                                                                                                            " name="Scenario: Player one Break in Set After Lead Set at 3-2 and Lead game at 40-30                                                                                                                                                                                                                                                                            " time="0"/>
  <testcase classname="Given &quot;player one&quot; has the game score of &quot;6&quot;                                                                                                                                                                                                                                                                                      " name="Given &quot;player one&quot; has the game score of &quot;6&quot;                                                                                                                                                                                                                                                                                      " time="0"/>
  <testcase classname="And &quot;player two&quot; has the game score of &quot;5&quot;                                                                                                                                                                                                                                                                                       " name="And &quot;player two&quot; has the game score of &quot;5&quot;                                                                                                                                                                                                                                                                                       " time="0.001"/>
  <testcase classname="When I mark 1 game to &quot;player two&quot;                                                                                                                                                                                                                                                                                        " name="When I mark 1 game to &quot;player two&quot;                                                                                                                                                                                                                                                                                        " time="0"/>
  <testcase classname="Then scoreboard displays &quot;0-0&quot;                                                                                                                                                                                                                                                                                         " name="Then scoreboard displays &quot;0-0&quot;                                                                                                                                                                                                                                                                                         " time="0"/>
  <testcase classname="And set scoreboard displays &quot;6-6&quot;                                                                                                                                                                                                                                                                                          " name="And set scoreboard displays &quot;6-6&quot;                                                                                                                                                                                                                                                                                          " time="0"/>
  <testcase classname="And tiebrek scoreboard displays &quot;0-0&quot;                                                                                                                                                                                                                                                                                           " name="And tiebrek scoreboard displays &quot;0-0&quot;                                                                                                                                                                                                                                                                                           " time="0"/>
  <testcase classname="Scenario: Check Tiebrek activation                                                                                                                                                                                                                                                                                     " name="Scenario: Check Tiebrek activation                                                                                                                                                                                                                                                                                     " time="0"/>
  <testcase classname="When I mark 0 tiebrek point to &quot;player one&quot;                                                                                                                                                                                                                                                                                               " name="When I mark 0 tiebrek point to &quot;player one&quot;                                                                                                                                                                                                                                                                                               " time="0"/>
  <testcase classname="And I mark 0 tiebrek point to &quot;player two&quot;                                                                                                                                                                                                                                                                                                " name="And I mark 0 tiebrek point to &quot;player two&quot;                                                                                                                                                                                                                                                                                                " time="0"/>
  <testcase classname="Then tiebrek scoreboard displays &quot;0-0&quot;                                                                                                                                                                                                                                                                                                 " name="Then tiebrek scoreboard displays &quot;0-0&quot;                                                                                                                                                                                                                                                                                                 " time="0"/>
  <testcase classname="| 0 | 0 | &quot;0-0&quot; |                                                                                                                                                                                                                                                                                              " name="| 0 | 0 | &quot;0-0&quot; |                                                                                                                                                                                                                                                                                              " time="0"/>
  <testcase classname="When I mark 1 tiebrek point to &quot;player one&quot;                                                                                                                                                                                                                                                                                                   " name="When I mark 1 tiebrek point to &quot;player one&quot;                                                                                                                                                                                                                                                                                                   " time="0"/>
  <testcase classname="And I mark 0 tiebrek point to &quot;player two&quot;                                                                                                                                                                                                                                                                                                    " name="And I mark 0 tiebrek point to &quot;player two&quot;                                                                                                                                                                                                                                                                                                    " time="0.001"/>
  <testcase classname="Then tiebrek scoreboard displays &quot;1-0&quot;                                                                                                                                                                                                                                                                                                     " name="Then tiebrek scoreboard displays &quot;1-0&quot;                                                                                                                                                                                                                                                                                                     " time="0"/>
  <testcase classname="| 1 | 0 | &quot;1-0&quot; |                                                                                                                                                                                                                                                                                                  " name="| 1 | 0 | &quot;1-0&quot; |                                                                                                                                                                                                                                                                                                  " time="0.001"/>
  <testcase classname="When I mark 2 tiebrek point to &quot;player one&quot;                                                                                                                                                                                                                                                                                                       " name="When I mark 2 tiebrek point to &quot;player one&quot;                                                                                                                                                                                                                                                                                                       " time="0"/>
  <testcase classname="And I mark 0 tiebrek point to &quot;player two&quot;                                                                                                                                                                                                                                                                                                        " name="And I mark 0 tiebrek point to &quot;player two&quot;                                                                                                                                                                                                                                                                                                        " time="0"/>
  <testcase classname="Then tiebrek scoreboard displays &quot;2-0&quot;                                                                                                                                                                                                                                                                                                         " name="Then tiebrek scoreboard displays &quot;2-0&quot;                                                                                                                                                                                                                                                                                                         " time="0"/>
  <testcase classname="| 2 | 0 | &quot;2-0&quot; |                                                                                                                                                                                                                                                                                                      " name="| 2 | 0 | &quot;2-0&quot; |                                                                                                                                                                                                                                                                                                      " time="0"/>
  <testcase classname="When I mark 2 tiebrek point to &quot;player one&quot;                                                                                                                                                                                                                                                                                                           " name="When I mark 2 tiebrek point to &quot;player one&quot;                                                                                                                                                                                                                                                                                                           " time="0"/>
  <testcase classname="And I mark 1 tiebrek point to &quot;player two&quot;                                                                                                                                                                                                                                                                                                            " name="And I mark 1 tiebrek point to &quot;player two&quot;                                                                                                                                                                                                                                                                                                            " time="0.001"/>
  <testcase classname="Then tiebrek scoreboard displays &quot;2-1&quot;                                                                                                                                                                                                                                                                                                             " name="Then tiebrek scoreboard displays &quot;2-1&quot;                                                                                                                                                                                                                                                                                                             " time="0"/>
  <testcase classname="| 2 | 1 | &quot;2-1&quot; |                                                                                                                                                                                                                                                                                                          " name="| 2 | 1 | &quot;2-1&quot; |                                                                                                                                                                                                                                                                                                          " time="0"/>
  <testcase classname="When I mark 3 tiebrek point to &quot;player one&quot;                                                                                                                                                                                                                                                                                                               " name="When I mark 3 tiebrek point to &quot;player one&quot;                                                                                                                                                                                                                                                                                                               " time="0"/>
  <testcase classname="And I mark 1 tiebrek point to &quot;player two&quot;                                                                                                                                                                                                                                                                                                                " name="And I mark 1 tiebrek point to &quot;player two&quot;                                                                                                                                                                                                                                                                                                                " time="0"/>
  <testcase classname="Then tiebrek scoreboard displays &quot;3-1&quot;                                                                                                                                                                                                                                                                                                                 " name="Then tiebrek scoreboard displays &quot;3-1&quot;                                                                                                                                                                                                                                                                                                                 " time="0"/>
  <testcase classname="| 3 | 1 | &quot;3-1&quot; |                                                                                                                                                                                                                                                                                                              " name="| 3 | 1 | &quot;3-1&quot; |                                                                                                                                                                                                                                                                                                              " time="0.006"/>
  <testcase classname="When I mark 3 tiebrek point to &quot;player one&quot;                                                                                                                                                                                                                                                                                                                   " name="When I mark 3 tiebrek point to &quot;player one&quot;                                                                                                                                                                                                                                                                                                                   " time="0"/>
  <testcase classname="And I mark 2 tiebrek point to &quot;player two&quot;                                                                                                                                                                                                                                                                                                                    " name="And I mark 2 tiebrek point to &quot;player two&quot;                                                                                                                                                                                                                                                                                                                    " time="0"/>
  <testcase classname="Then tiebrek scoreboard displays &quot;3-2&quot;                                                                                                                                                                                                                                                                                                                     " name="Then tiebrek scoreboard displays &quot;3-2&quot;                                                                                                                                                                                                                                                                                                                     " time="0.001"/>
  <testcase classname="| 3 | 2 | &quot;3-2&quot; |                                                                                                                                                                                                                                                                                                                  " name="| 3 | 2 | &quot;3-2&quot; |                                                                                                                                                                                                                                                                                                                  " time="0.005"/>
  <testcase classname="When I mark 3 tiebrek point to &quot;player one&quot;                                                                                                                                                                                                                                                                                                                       " name="When I mark 3 tiebrek point to &quot;player one&quot;                                                                                                                                                                                                                                                                                                                       " time="0"/>
  <testcase classname="And I mark 3 tiebrek point to &quot;player two&quot;                                                                                                                                                                                                                                                                                                                        " name="And I mark 3 tiebrek point to &quot;player two&quot;                                                                                                                                                                                                                                                                                                                        " time="0"/>
  <testcase classname="Then tiebrek scoreboard displays &quot;3-3&quot;                                                                                                                                                                                                                                                                                                                         " name="Then tiebrek scoreboard displays &quot;3-3&quot;                                                                                                                                                                                                                                                                                                                         " time="0.001"/>
  <testcase classname="| 3 | 3 | &quot;3-3&quot; |                                                                                                                                                                                                                                                                                                                      " name="| 3 | 3 | &quot;3-3&quot; |                                                                                                                                                                                                                                                                                                                      " time="0.001"/>
  <testcase classname="When I mark 4 tiebrek point to &quot;player one&quot;                                                                                                                                                                                                                                                                                                                           " name="When I mark 4 tiebrek point to &quot;player one&quot;                                                                                                                                                                                                                                                                                                                           " time="0"/>
  <testcase classname="And I mark 2 tiebrek point to &quot;player two&quot;                                                                                                                                                                                                                                                                                                                            " name="And I mark 2 tiebrek point to &quot;player two&quot;                                                                                                                                                                                                                                                                                                                            " time="0"/>
  <testcase classname="Then tiebrek scoreboard displays &quot;4-2&quot;                                                                                                                                                                                                                                                                                                                             " name="Then tiebrek scoreboard displays &quot;4-2&quot;                                                                                                                                                                                                                                                                                                                             " time="0.001"/>
  <testcase classname="| 4 | 2 | &quot;4-2&quot; |                                                                                                                                                                                                                                                                                                                          " name="| 4 | 2 | &quot;4-2&quot; |                                                                                                                                                                                                                                                                                                                          " time="0.001"/>
  <testcase classname="When I mark 5 tiebrek point to &quot;player one&quot;                                                                                                                                                                                                                                                                                                                               " name="When I mark 5 tiebrek point to &quot;player one&quot;                                                                                                                                                                                                                                                                                                                               " time="0"/>
  <testcase classname="And I mark 1 tiebrek point to &quot;player two&quot;                                                                                                                                                                                                                                                                                                                                " name="And I mark 1 tiebrek point to &quot;player two&quot;                                                                                                                                                                                                                                                                                                                                " time="0.001"/>
  <testcase classname="Then tiebrek scoreboard displays &quot;5-1&quot;                                                                                                                                                                                                                                                                                                                                 " name="Then tiebrek scoreboard displays &quot;5-1&quot;                                                                                                                                                                                                                                                                                                                                 " time="0"/>
  <testcase classname="| 5 | 1 | &quot;5-1&quot; |                                                                                                                                                                                                                                                                                                                              " name="| 5 | 1 | &quot;5-1&quot; |                                                                                                                                                                                                                                                                                                                              " time="0"/>
  <testcase classname="When I mark 6 tiebrek point to &quot;player one&quot;                                                                                                                                                                                                                                                                                                                                   " name="When I mark 6 tiebrek point to &quot;player one&quot;                                                                                                                                                                                                                                                                                                                                   " time="0"/>
  <testcase classname="And I mark 6 tiebrek point to &quot;player two&quot;                                                                                                                                                                                                                                                                                                                                    " name="And I mark 6 tiebrek point to &quot;player two&quot;                                                                                                                                                                                                                                                                                                                                    " time="0"/>
  <testcase classname="Then tiebrek scoreboard displays &quot;6-6&quot;                                                                                                                                                                                                                                                                                                                                     " name="Then tiebrek scoreboard displays &quot;6-6&quot;                                                                                                                                                                                                                                                                                                                                     " time="0"/>
  <testcase classname="| 6 | 6 | &quot;6-6&quot; |                                                                                                                                                                                                                                                                                                                                  " name="| 6 | 6 | &quot;6-6&quot; |                                                                                                                                                                                                                                                                                                                                  " time="0.001"/>
  <testcase classname="When I mark 1 tiebrek point to &quot;player one&quot;                                                                                                                                                                                                                                                                                                                                       " name="When I mark 1 tiebrek point to &quot;player one&quot;                                                                                                                                                                                                                                                                                                                                       " time="0"/>
  <testcase classname="And I mark 6 tiebrek point to &quot;player two&quot;                                                                                                                                                                                                                                                                                                                                        " name="And I mark 6 tiebrek point to &quot;player two&quot;                                                                                                                                                                                                                                                                                                                                        " time="0.006"/>
  <testcase classname="Then tiebrek scoreboard displays &quot;1-6&quot;                                                                                                                                                                                                                                                                                                                                         " name="Then tiebrek scoreboard displays &quot;1-6&quot;                                                                                                                                                                                                                                                                                                                                         " time="0"/>
  <testcase classname="| 1 | 6 | &quot;1-6&quot; |                                                                                                                                                                                                                                                                                                                                      " name="| 1 | 6 | &quot;1-6&quot; |                                                                                                                                                                                                                                                                                                                                      " time="0.002"/>
  <testcase classname="When I mark 6 tiebrek point to &quot;player one&quot;                                                                                                                                                                                                                                                                                                                                           " name="When I mark 6 tiebrek point to &quot;player one&quot;                                                                                                                                                                                                                                                                                                                                           " time="0"/>
  <testcase classname="And I mark 7 tiebrek point to &quot;player two&quot;                                                                                                                                                                                                                                                                                                                                            " name="And I mark 7 tiebrek point to &quot;player two&quot;                                                                                                                                                                                                                                                                                                                                            " time="0"/>
  <testcase classname="Then tiebrek scoreboard displays &quot;6-7&quot;                                                                                                                                                                                                                                                                                                                                             " name="Then tiebrek scoreboard displays &quot;6-7&quot;                                                                                                                                                                                                                                                                                                                                             " time="0"/>
  <testcase classname="| 6 | 7 | &quot;6-7&quot; |                                                                                                                                                                                                                                                                                                                                          " name="| 6 | 7 | &quot;6-7&quot; |                                                                                                                                                                                                                                                                                                                                          " time="0.001"/>
  <testcase classname="Given &quot;player one&quot; has the game score of &quot;6&quot;                                                                                                                                                                                                                                                                                                                                               " name="Given &quot;player one&quot; has the game score of &quot;6&quot;                                                                                                                                                                                                                                                                                                                                               " time="0"/>
  <testcase classname="And &quot;player two&quot; has the game score of &quot;6&quot;                                                                                                                                                                                                                                                                                                                                                " name="And &quot;player two&quot; has the game score of &quot;6&quot;                                                                                                                                                                                                                                                                                                                                                " time="0.001"/>
  <testcase classname="And &quot;player one&quot; has the tiebrek score of &quot;5&quot;                                                                                                                                                                                                                                                                                                                                                 " name="And &quot;player one&quot; has the tiebrek score of &quot;5&quot;                                                                                                                                                                                                                                                                                                                                                 " time="0.001"/>
  <testcase classname="And &quot;player two&quot; has the tiebrek score of &quot;6&quot;                                                                                                                                                                                                                                                                                                                                                  " name="And &quot;player two&quot; has the tiebrek score of &quot;6&quot;                                                                                                                                                                                                                                                                                                                                                  " time="0"/>
  <testcase classname="When I mark 1 tiebrek point to &quot;player two&quot;                                                                                                                                                                                                                                                                                                                                                   " name="When I mark 1 tiebrek point to &quot;player two&quot;                                                                                                                                                                                                                                                                                                                                                   " time="0"/>
  <testcase classname="Then scoreboard displays &quot;0-0&quot;                                                                                                                                                                                                                                                                                                                                                    " name="Then scoreboard displays &quot;0-0&quot;                                                                                                                                                                                                                                                                                                                                                    " time="0"/>
  <testcase classname="And set scoreboard displays &quot;6-7&quot;                                                                                                                                                                                                                                                                                                                                                     " name="And set scoreboard displays &quot;6-7&quot;                                                                                                                                                                                                                                                                                                                                                     " time="0"/>
  <testcase classname="And tiebrek scoreboard displays &quot;0-0&quot;                                                                                                                                                                                                                                                                                                                                                      " name="And tiebrek scoreboard displays &quot;0-0&quot;                                                                                                                                                                                                                                                                                                                                                      " time="0"/>
  <testcase classname="And winner of this match is &quot;player two wins the set and match&quot;                                                                                                                                                                                                                                                                                                                                                       " name="And winner of this match is &quot;player two wins the set and match&quot;                                                                                                                                                                                                                                                                                                                                                       " time="0"/>
  <testcase classname="Scenario: Winning Tiebrek at 5-6                                                                                                                                                                                                                                                                                                                                              " name="Scenario: Winning Tiebrek at 5-6                                                                                                                                                                                                                                                                                                                                              " time="0.001"/>
  <testcase classname="Given &quot;player one&quot; has the game score of &quot;6&quot;                                                                                                                                                                                                                                                                                                                                                         " name="Given &quot;player one&quot; has the game score of &quot;6&quot;                                                                                                                                                                                                                                                                                                                                                         " time="0"/>
  <testcase classname="And &quot;player two&quot; has the game score of &quot;6&quot;                                                                                                                                                                                                                                                                                                                                                          " name="And &quot;player two&quot; has the game score of &quot;6&quot;                                                                                                                                                                                                                                                                                                                                                          " time="0"/>
  <testcase classname="And &quot;player one&quot; has the tiebrek score of &quot;7&quot;                                                                                                                                                                                                                                                                                                                                                           " name="And &quot;player one&quot; has the tiebrek score of &quot;7&quot;                                                                                                                                                                                                                                                                                                                                                           " time="0"/>
  <testcase classname="And &quot;player two&quot; has the tiebrek score of &quot;6&quot;                                                                                                                                                                                                                                                                                                                                                            " name="And &quot;player two&quot; has the tiebrek score of &quot;6&quot;                                                                                                                                                                                                                                                                                                                                                            " time="0"/>
  <testcase classname="When I mark 1 tiebrek point to &quot;player one&quot;                                                                                                                                                                                                                                                                                                                                                             " name="When I mark 1 tiebrek point to &quot;player one&quot;                                                                                                                                                                                                                                                                                                                                                             " time="0"/>
  <testcase classname="Then scoreboard displays &quot;0-0&quot;                                                                                                                                                                                                                                                                                                                                                              " name="Then scoreboard displays &quot;0-0&quot;                                                                                                                                                                                                                                                                                                                                                              " time="0"/>
  <testcase classname="And set scoreboard displays &quot;7-6&quot;                                                                                                                                                                                                                                                                                                                                                               " name="And set scoreboard displays &quot;7-6&quot;                                                                                                                                                                                                                                                                                                                                                               " time="0"/>
  <testcase classname="And tiebrek scoreboard displays &quot;0-0&quot;                                                                                                                                                                                                                                                                                                                                                                " name="And tiebrek scoreboard displays &quot;0-0&quot;                                                                                                                                                                                                                                                                                                                                                                " time="0"/>
  <testcase classname="And winner of this match is &quot;player one wins the set and match&quot;                                                                                                                                                                                                                                                                                                                                                                 " name="And winner of this match is &quot;player one wins the set and match&quot;                                                                                                                                                                                                                                                                                                                                                                 " time="0"/>
  <testcase classname="Scenario: Winning Tiebrek at 7-6                                                                                                                                                                                                                                                                                                                                                        " name="Scenario: Winning Tiebrek at 7-6                                                                                                                                                                                                                                                                                                                                                        " time="0.001"/>
  <testcase classname="Given &quot;player one&quot; has the game score of &quot;6&quot;                                                                                                                                                                                                                                                                                                                                                                   " name="Given &quot;player one&quot; has the game score of &quot;6&quot;                                                                                                                                                                                                                                                                                                                                                                   " time="0.001"/>
  <testcase classname="And &quot;player two&quot; has the game score of &quot;6&quot;                                                                                                                                                                                                                                                                                                                                                                    " name="And &quot;player two&quot; has the game score of &quot;6&quot;                                                                                                                                                                                                                                                                                                                                                                    " time="0"/>
  <testcase classname="And &quot;player one&quot; has the tiebrek score of &quot;9&quot;                                                                                                                                                                                                                                                                                                                                                                     " name="And &quot;player one&quot; has the tiebrek score of &quot;9&quot;                                                                                                                                                                                                                                                                                                                                                                     " time="0"/>
  <testcase classname="And &quot;player two&quot; has the tiebrek score of &quot;10&quot;                                                                                                                                                                                                                                                                                                                                                                      " name="And &quot;player two&quot; has the tiebrek score of &quot;10&quot;                                                                                                                                                                                                                                                                                                                                                                      " time="0"/>
  <testcase classname="When I mark 1 tiebrek point to &quot;player two&quot;                                                                                                                                                                                                                                                                                                                                                                       " name="When I mark 1 tiebrek point to &quot;player two&quot;                                                                                                                                                                                                                                                                                                                                                                       " time="0"/>
  <testcase classname="Then scoreboard displays &quot;0-0&quot;                                                                                                                                                                                                                                                                                                                                                                        " name="Then scoreboard displays &quot;0-0&quot;                                                                                                                                                                                                                                                                                                                                                                        " time="0"/>
  <testcase classname="And set scoreboard displays &quot;6-7&quot;                                                                                                                                                                                                                                                                                                                                                                         " name="And set scoreboard displays &quot;6-7&quot;                                                                                                                                                                                                                                                                                                                                                                         " time="0"/>
  <testcase classname="And tiebrek scoreboard displays &quot;0-0&quot;                                                                                                                                                                                                                                                                                                                                                                          " name="And tiebrek scoreboard displays &quot;0-0&quot;                                                                                                                                                                                                                                                                                                                                                                          " time="0"/>
  <testcase classname="And winner of this match is &quot;player two wins the set and match&quot;                                                                                                                                                                                                                                                                                                                                                                           " name="And winner of this match is &quot;player two wins the set and match&quot;                                                                                                                                                                                                                                                                                                                                                                           " time="0"/>
  <testcase classname="Scenario: Winning Tiebrek at 9-10                                                                                                                                                                                                                                                                                                                                                                  " name="Scenario: Winning Tiebrek at 9-10                                                                                                                                                                                                                                                                                                                                                                  " time="0.001"/>
</testsuite>